Using pre-set license
Built from '2020.2/release' branch; Version is '2020.2.0f1 (3721df5a8b28) revision 3613151'; Using compiler version '192528614'; Build Type 'Release'
OS: 'Windows 10  (10.0.0) 64bit' Language: 'en' Physical Memory: 12109 MB
BatchMode: 1, IsHumanControllingUs: 0, StartBugReporterOnCrash: 0, Is64bit: 1, IsPro: 0

 COMMAND LINE ARGUMENTS:
C:\Program Files\Unity\Hub\Editor\2020.2.0f1\Editor\Unity.exe
-adb2
-batchMode
-noUpm
-name
AssetImportWorker0
-projectPath
C:/Users/Admin PC/Desktop/RaceToTheFinish/GAME3002_A3
-logFile
Logs/AssetImportWorker0.log
-srvPort
56493
Successfully changed project path to: C:/Users/Admin PC/Desktop/RaceToTheFinish/GAME3002_A3
C:/Users/Admin PC/Desktop/RaceToTheFinish/GAME3002_A3
Using Asset Import Pipeline V2.
Refreshing native plugins compatible for Editor in 29.31 ms, found 0 plugins.
Preloading 0 native plugins for Editor in 0.00 ms.
Initialize engine version: 2020.2.0f1 (3721df5a8b28)
[Subsystems] Discovering subsystems at path C:/Program Files/Unity/Hub/Editor/2020.2.0f1/Editor/Data/Resources/UnitySubsystems
[Subsystems] Discovering subsystems at path C:/Users/Admin PC/Desktop/RaceToTheFinish/GAME3002_A3/Assets
GfxDevice: creating device client; threaded=0
Direct3D:
    Version:  Direct3D 11.0 [level 11.0]
    Renderer: NVIDIA GeForce GTX 745 (ID=0x1382)
    Vendor:   
    VRAM:     4053 MB
    Driver:   27.21.14.6109
Initialize mono
Mono path[0] = 'C:/Program Files/Unity/Hub/Editor/2020.2.0f1/Editor/Data/Managed'
Mono path[1] = 'C:/Program Files/Unity/Hub/Editor/2020.2.0f1/Editor/Data/MonoBleedingEdge/lib/mono/unityjit'
Mono config path = 'C:/Program Files/Unity/Hub/Editor/2020.2.0f1/Editor/Data/MonoBleedingEdge/etc'
Using monoOptions --debugger-agent=transport=dt_socket,embedding=1,server=y,suspend=n,address=127.0.0.1:56712
Begin MonoManager ReloadAssembly
Registering precompiled unity dll's ...
Register platform support module: C:/Program Files/Unity/Hub/Editor/2020.2.0f1/Editor/Data/PlaybackEngines/WindowsStandaloneSupport/UnityEditor.WindowsStandalone.Extensions.dll
Registered in 0.003473 seconds.
Native extension for WindowsStandalone target not found
Refreshing native plugins compatible for Editor in 25.98 ms, found 0 plugins.
Preloading 0 native plugins for Editor in 0.00 ms.
Invoked RoslynAnalysisRunner static constructor.
RoslynAnalysisRunner will not be running.
RoslynAnalysisRunner has terminated.
Mono: successfully reloaded assembly
- Completed reload, in  2.389 seconds
Platform modules already initialized, skipping
Registering precompiled user dll's ...
Registered in 0.000992 seconds.
Begin MonoManager ReloadAssembly
Native extension for WindowsStandalone target not found
Refreshing native plugins compatible for Editor in 0.19 ms, found 0 plugins.
Preloading 0 native plugins for Editor in 0.00 ms.
Invoked RoslynAnalysisRunner static constructor.
RoslynAnalysisRunner will not be running.
RoslynAnalysisRunner has terminated.
Mono: successfully reloaded assembly
- Completed reload, in  0.923 seconds
Platform modules already initialized, skipping
========================================================================
Worker process is ready to serve import requests
Launched and connected shader compiler UnityShaderCompiler.exe after 0.09 seconds
Refreshing native plugins compatible for Editor in 0.25 ms, found 0 plugins.
Preloading 0 native plugins for Editor in 0.00 ms.
Unloading 1114 Unused Serialized files (Serialized files now loaded: 0)
System memory in use before: 60.1 MB.
System memory in use after: 60.1 MB.

Unloading 10 unused Assets to reduce memory usage. Loaded Objects now: 1561.
Total: 1.763400 ms (FindLiveObjects: 0.154900 ms CreateObjectMapping: 0.070000 ms MarkObjects: 1.430300 ms  DeleteObjects: 0.107000 ms)

========================================================================
Received Import Request.
  path: Assets/Scripts/WinState.cs
  artifactKey: Guid(98ed4bcb27790384d9af39994f6e3414) Importer(815301076,1909f56bfc062723c751e8b465ee728b)
Start importing Assets/Scripts/WinState.cs using Guid(98ed4bcb27790384d9af39994f6e3414) Importer(815301076,1909f56bfc062723c751e8b465ee728b)  -> (artifact id: 'a9fc6d71d0faca4ed307287fb5290dbc') in 0.040673 seconds
  Import took 0.043043 seconds .

========================================================================
Received Prepare
Registering precompiled user dll's ...
Registered in 0.000987 seconds.
Begin MonoManager ReloadAssembly
Native extension for WindowsStandalone target not found
Refreshing native plugins compatible for Editor in 0.25 ms, found 0 plugins.
Preloading 0 native plugins for Editor in 0.00 ms.
Invoked RoslynAnalysisRunner static constructor.
RoslynAnalysisRunner will not be running.
RoslynAnalysisRunner has terminated.
Mono: successfully reloaded assembly
- Completed reload, in  0.803 seconds
Platform modules already initialized, skipping
Refreshing native plugins compatible for Editor in 0.29 ms, found 0 plugins.
Preloading 0 native plugins for Editor in 0.00 ms.
Unloading 1096 Unused Serialized files (Serialized files now loaded: 0)
System memory in use before: 59.5 MB.
System memory in use after: 59.6 MB.

Unloading 5 unused Assets to reduce memory usage. Loaded Objects now: 1563.
Total: 2.412900 ms (FindLiveObjects: 0.285700 ms CreateObjectMapping: 0.064200 ms MarkObjects: 1.983500 ms  DeleteObjects: 0.078000 ms)

========================================================================
Received Import Request.
  Time since last request: 154.080358 seconds.
  path: Assets/Scripts/WinState.cs
  artifactKey: Guid(98ed4bcb27790384d9af39994f6e3414) Importer(815301076,1909f56bfc062723c751e8b465ee728b)
Start importing Assets/Scripts/WinState.cs using Guid(98ed4bcb27790384d9af39994f6e3414) Importer(815301076,1909f56bfc062723c751e8b465ee728b)  -> (artifact id: '88c7a0fb31f13326c47361c84ef72e0d') in 0.007221 seconds
  Import took 0.009160 seconds .

========================================================================
Received Prepare
Registering precompiled user dll's ...
Registered in 0.000879 seconds.
Begin MonoManager ReloadAssembly
Native extension for WindowsStandalone target not found
Refreshing native plugins compatible for Editor in 0.20 ms, found 0 plugins.
Preloading 0 native plugins for Editor in 0.00 ms.
Invoked RoslynAnalysisRunner static constructor.
RoslynAnalysisRunner will not be running.
RoslynAnalysisRunner has terminated.
Mono: successfully reloaded assembly
- Completed reload, in  0.815 seconds
Platform modules already initialized, skipping
Refreshing native plugins compatible for Editor in 0.21 ms, found 0 plugins.
Preloading 0 native plugins for Editor in 0.00 ms.
Unloading 1096 Unused Serialized files (Serialized files now loaded: 0)
System memory in use before: 60.0 MB.
System memory in use after: 60.1 MB.

Unloading 5 unused Assets to reduce memory usage. Loaded Objects now: 1565.
Total: 2.037600 ms (FindLiveObjects: 0.512600 ms CreateObjectMapping: 0.084000 ms MarkObjects: 1.335200 ms  DeleteObjects: 0.103400 ms)

========================================================================
Received Import Request.
  Time since last request: 67.603107 seconds.
  path: Assets/Scripts/WinState.cs
  artifactKey: Guid(98ed4bcb27790384d9af39994f6e3414) Importer(815301076,1909f56bfc062723c751e8b465ee728b)
Start importing Assets/Scripts/WinState.cs using Guid(98ed4bcb27790384d9af39994f6e3414) Importer(815301076,1909f56bfc062723c751e8b465ee728b)  -> (artifact id: '90cf684eb909fa1be003574300eea63d') in 0.007086 seconds
  Import took 0.009405 seconds .

========================================================================
Received Prepare
Registering precompiled user dll's ...
Registered in 0.001012 seconds.
Begin MonoManager ReloadAssembly
Native extension for WindowsStandalone target not found
Refreshing native plugins compatible for Editor in 0.25 ms, found 0 plugins.
Preloading 0 native plugins for Editor in 0.00 ms.
Invoked RoslynAnalysisRunner static constructor.
RoslynAnalysisRunner will not be running.
RoslynAnalysisRunner has terminated.
Mono: successfully reloaded assembly
- Completed reload, in  0.809 seconds
Platform modules already initialized, skipping
Refreshing native plugins compatible for Editor in 0.23 ms, found 0 plugins.
Preloading 0 native plugins for Editor in 0.00 ms.
Unloading 1096 Unused Serialized files (Serialized files now loaded: 0)
System memory in use before: 60.5 MB.
System memory in use after: 60.6 MB.

Unloading 5 unused Assets to reduce memory usage. Loaded Objects now: 1567.
Total: 2.618800 ms (FindLiveObjects: 0.137600 ms CreateObjectMapping: 0.040000 ms MarkObjects: 2.348500 ms  DeleteObjects: 0.091500 ms)

========================================================================
Received Prepare
Registering precompiled user dll's ...
Registered in 0.000843 seconds.
Begin MonoManager ReloadAssembly
Native extension for WindowsStandalone target not found
Refreshing native plugins compatible for Editor in 0.24 ms, found 0 plugins.
Preloading 0 native plugins for Editor in 0.00 ms.
Invoked RoslynAnalysisRunner static constructor.
RoslynAnalysisRunner will not be running.
RoslynAnalysisRunner has terminated.
Mono: successfully reloaded assembly
- Completed reload, in  0.802 seconds
Platform modules already initialized, skipping
Refreshing native plugins compatible for Editor in 0.44 ms, found 0 plugins.
Preloading 0 native plugins for Editor in 0.00 ms.
Unloading 1096 Unused Serialized files (Serialized files now loaded: 0)
System memory in use before: 60.6 MB.
System memory in use after: 60.6 MB.

Unloading 5 unused Assets to reduce memory usage. Loaded Objects now: 1569.
Total: 1.661600 ms (FindLiveObjects: 0.127700 ms CreateObjectMapping: 0.035200 ms MarkObjects: 1.415000 ms  DeleteObjects: 0.082600 ms)

========================================================================
Received Import Request.
  Time since last request: 475.210694 seconds.
  path: Assets/Scenes/GameScene.unity
  artifactKey: Guid(9fc0d4010bbf28b4594072e72b8655ab) Importer(815301076,1909f56bfc062723c751e8b465ee728b)
Start importing Assets/Scenes/GameScene.unity using Guid(9fc0d4010bbf28b4594072e72b8655ab) Importer(815301076,1909f56bfc062723c751e8b465ee728b)  -> (artifact id: 'cd3fb09556bd1f76bc9d1e2783c1a398') in 0.018641 seconds
  Import took 0.021076 seconds .

========================================================================
Received Import Request.
  Time since last request: 586.289999 seconds.
  path: Assets/Textures/RunIcon.png
  artifactKey: Guid(c18f9bbe7033b1b4e818f191146461f7) Importer(815301076,1909f56bfc062723c751e8b465ee728b)
Start importing Assets/Textures/RunIcon.png using Guid(c18f9bbe7033b1b4e818f191146461f7) Importer(815301076,1909f56bfc062723c751e8b465ee728b)  -> (artifact id: '2c2399442442655f8598ba98f3af64d1') in 0.110707 seconds
  Import took 0.113197 seconds .

========================================================================
Received Import Request.
  Time since last request: 59.240853 seconds.
  path: Assets/Textures/RunIcon.png
  artifactKey: Guid(c18f9bbe7033b1b4e818f191146461f7) Importer(815301076,1909f56bfc062723c751e8b465ee728b)
Start importing Assets/Textures/RunIcon.png using Guid(c18f9bbe7033b1b4e818f191146461f7) Importer(815301076,1909f56bfc062723c751e8b465ee728b)  -> (artifact id: '85832c77b08fdb2479ea6cc0a669a0b1') in 0.071822 seconds
  Import took 0.074116 seconds .

========================================================================
Received Prepare
Refreshing native plugins compatible for Editor in 0.91 ms, found 0 plugins.
Preloading 0 native plugins for Editor in 0.00 ms.
Unloading 3 Unused Serialized files (Serialized files now loaded: 0)
System memory in use before: 42.1 MB.
System memory in use after: 42.2 MB.

Unloading 3 unused Assets to reduce memory usage. Loaded Objects now: 1576.
Total: 2.899000 ms (FindLiveObjects: 0.276400 ms CreateObjectMapping: 0.065000 ms MarkObjects: 2.425400 ms  DeleteObjects: 0.130300 ms)

AssetImportWorkerClient::OnTransportError - code=2 error=End of file
